# JRE version: Java(TM) SE Runtime Environment (20.0.1+9) (build 20.0.1+9-29)
# Java VM: Java HotSpot(TM) 64-Bit Server VM (20.0.1+9-29, mixed mode, emulated-client, sharing, tiered, compressed oops, compressed class ptrs, g1 gc, windows-amd64)
GC Precious Log:
 CardTable entry size: 512
 Card Set container configuration: InlinePtr #cards 4 size 8 Array Of Cards #cards 16 size 48 Howl #buckets 8 coarsen threshold 3686 Howl Bitmap #cards 512 size 80 coarsen threshold 460 Card regions per heap region 1 cards per card region 4096
 CPUs: 12 total, 12 available
 Memory: 16055M
 Large Page Support: Disabled
 NUMA Support: Disabled
 Compressed Oops: Enabled (Zero based)
 Heap Region Size: 2M
 Heap Min Capacity: 8M
 Heap Initial Capacity: 252M
 Heap Max Capacity: 4014M
 Pre-touch: Disabled
 Parallel Workers: 10
 Concurrent Workers: 3
 Concurrent Refinement Workers: 10
 Periodic GC: Disabled
Heap:
 garbage-first heap   total 116736K, used 30553K [0x0000000705200000, 0x0000000800000000)
  region size 2048K, 2 young (4096K), 1 survivors (2048K)
 Metaspace       used 50639K, committed 51840K, reserved 1114112K
  class space    used 6992K, committed 7488K, reserved 1048576K
GC Heap History (20 events):
Event: 36712.753 GC heap before
{Heap before GC invocations=251 (full 0):
 garbage-first heap   total 116736K, used 98177K [0x0000000705200000, 0x0000000800000000)
  region size 2048K, 34 young (69632K), 1 survivors (2048K)
 Metaspace       used 50639K, committed 51840K, reserved 1114112K
  class space    used 6992K, committed 7488K, reserved 1048576K
}
Event: 36712.755 GC heap after
{Heap after GC invocations=252 (full 0):
 garbage-first heap   total 116736K, used 30560K [0x0000000705200000, 0x0000000800000000)
  region size 2048K, 1 young (2048K), 1 survivors (2048K)
 Metaspace       used 50639K, committed 51840K, reserved 1114112K
  class space    used 6992K, committed 7488K, reserved 1048576K
}
Event: 36833.297 GC heap before
{Heap before GC invocations=253 (full 0):
 garbage-first heap   total 116736K, used 98144K [0x0000000705200000, 0x0000000800000000)
  region size 2048K, 34 young (69632K), 1 survivors (2048K)
 Metaspace       used 50639K, committed 51840K, reserved 1114112K
  class space    used 6992K, committed 7488K, reserved 1048576K
}
Event: 36833.299 GC heap after
{Heap after GC invocations=254 (full 0):
 garbage-first heap   total 116736K, used 30604K [0x0000000705200000, 0x0000000800000000)
  region size 2048K, 1 young (2048K), 1 survivors (2048K)
 Metaspace       used 50639K, committed 51840K, reserved 1114112K
  class space    used 6992K, committed 7488K, reserved 1048576K
}
Event: 36953.799 GC heap before
{Heap before GC invocations=254 (full 0):
 garbage-first heap   total 116736K, used 98188K [0x0000000705200000, 0x0000000800000000)
  region size 2048K, 34 young (69632K), 1 survivors (2048K)
 Metaspace       used 50639K, committed 51840K, reserved 1114112K
  class space    used 6992K, committed 7488K, reserved 1048576K
}
Event: 36953.804 GC heap after
{Heap after GC invocations=255 (full 0):
 garbage-first heap   total 116736K, used 30583K [0x0000000705200000, 0x0000000800000000)
  region size 2048K, 1 young (2048K), 1 survivors (2048K)
 Metaspace       used 50639K, committed 51840K, reserved 1114112K
  class space    used 6992K, committed 7488K, reserved 1048576K
}
Event: 37074.295 GC heap before
{Heap before GC invocations=255 (full 0):
 garbage-first heap   total 116736K, used 98167K [0x0000000705200000, 0x0000000800000000)
  region size 2048K, 34 young (69632K), 1 survivors (2048K)
 Metaspace       used 50639K, committed 51840K, reserved 1114112K
  class space    used 6992K, committed 7488K, reserved 1048576K
}
Event: 37074.298 GC heap after
{Heap after GC invocations=256 (full 0):
 garbage-first heap   total 116736K, used 30551K [0x0000000705200000, 0x0000000800000000)
  region size 2048K, 1 young (2048K), 1 survivors (2048K)
 Metaspace       used 50639K, committed 51840K, reserved 1114112K
  class space    used 6992K, committed 7488K, reserved 1048576K
}
Event: 37194.813 GC heap before
{Heap before GC invocations=257 (full 0):
 garbage-first heap   total 116736K, used 96087K [0x0000000705200000, 0x0000000800000000)
  region size 2048K, 34 young (69632K), 1 survivors (2048K)
 Metaspace       used 50639K, committed 51840K, reserved 1114112K
  class space    used 6992K, committed 7488K, reserved 1048576K
}
Event: 37194.815 GC heap after
{Heap after GC invocations=258 (full 0):
 garbage-first heap   total 116736K, used 30595K [0x0000000705200000, 0x0000000800000000)
  region size 2048K, 1 young (2048K), 1 survivors (2048K)
 Metaspace       used 50639K, committed 51840K, reserved 1114112K
  class space    used 6992K, committed 7488K, reserved 1048576K
}
Event: 37315.338 GC heap before
{Heap before GC invocations=258 (full 0):
 garbage-first heap   total 116736K, used 98179K [0x0000000705200000, 0x0000000800000000)
  region size 2048K, 34 young (69632K), 1 survivors (2048K)
 Metaspace       used 50639K, committed 51840K, reserved 1114112K
  class space    used 6992K, committed 7488K, reserved 1048576K
}
Event: 37315.344 GC heap after
{Heap after GC invocations=259 (full 0):
 garbage-first heap   total 116736K, used 30595K [0x0000000705200000, 0x0000000800000000)
  region size 2048K, 1 young (2048K), 1 survivors (2048K)
 Metaspace       used 50639K, committed 51840K, reserved 1114112K
  class space    used 6992K, committed 7488K, reserved 1048576K
}
Event: 37435.899 GC heap before
{Heap before GC invocations=259 (full 0):
 garbage-first heap   total 116736K, used 96131K [0x0000000705200000, 0x0000000800000000)
  region size 2048K, 34 young (69632K), 1 survivors (2048K)
 Metaspace       used 50639K, committed 51840K, reserved 1114112K
  class space    used 6992K, committed 7488K, reserved 1048576K
}
Event: 37435.901 GC heap after
{Heap after GC invocations=260 (full 0):
 garbage-first heap   total 116736K, used 30586K [0x0000000705200000, 0x0000000800000000)
  region size 2048K, 1 young (2048K), 1 survivors (2048K)
 Metaspace       used 50639K, committed 51840K, reserved 1114112K
  class space    used 6992K, committed 7488K, reserved 1048576K
}
Event: 37556.318 GC heap before
{Heap before GC invocations=261 (full 0):
 garbage-first heap   total 116736K, used 98170K [0x0000000705200000, 0x0000000800000000)
  region size 2048K, 34 young (69632K), 1 survivors (2048K)
 Metaspace       used 50634K, committed 51840K, reserved 1114112K
  class space    used 6990K, committed 7488K, reserved 1048576K
}
Event: 37556.319 GC heap after
{Heap after GC invocations=262 (full 0):
 garbage-first heap   total 116736K, used 30546K [0x0000000705200000, 0x0000000800000000)
  region size 2048K, 1 young (2048K), 1 survivors (2048K)
 Metaspace       used 50634K, committed 51840K, reserved 1114112K
  class space    used 6990K, committed 7488K, reserved 1048576K
}
Event: 40905.897 GC heap before
{Heap before GC invocations=262 (full 0):
 garbage-first heap   total 116736K, used 98130K [0x0000000705200000, 0x0000000800000000)
  region size 2048K, 34 young (69632K), 1 survivors (2048K)
 Metaspace       used 50639K, committed 51840K, reserved 1114112K
  class space    used 6992K, committed 7488K, reserved 1048576K
}
Event: 40905.902 GC heap after
{Heap after GC invocations=263 (full 0):
 garbage-first heap   total 116736K, used 30563K [0x0000000705200000, 0x0000000800000000)
  region size 2048K, 1 young (2048K), 1 survivors (2048K)
 Metaspace       used 50639K, committed 51840K, reserved 1114112K
  class space    used 6992K, committed 7488K, reserved 1048576K
}
Event: 41026.514 GC heap before
{Heap before GC invocations=263 (full 0):
 garbage-first heap   total 116736K, used 98147K [0x0000000705200000, 0x0000000800000000)
  region size 2048K, 34 young (69632K), 1 survivors (2048K)
 Metaspace       used 50639K, committed 51840K, reserved 1114112K
  class space    used 6992K, committed 7488K, reserved 1048576K
}
Event: 41026.516 GC heap after
{Heap after GC invocations=264 (full 0):
 garbage-first heap   total 116736K, used 30553K [0x0000000705200000, 0x0000000800000000)
  region size 2048K, 1 young (2048K), 1 survivors (2048K)
 Metaspace       used 50639K, committed 51840K, reserved 1114112K
  class space    used 6992K, committed 7488K, reserved 1048576K
}

